<?xml version="1.0" encoding="UTF-8"?>
<testng-results ignored="0" total="2" passed="2" failed="0" skipped="0">
  <reporter-output>
  </reporter-output>
  <suite started-at="2022-02-27T19:57:28 EST" name="Default suite" finished-at="2022-02-27T19:57:40 EST" duration-ms="12287">
    <groups>
    </groups>
    <test started-at="2022-02-27T19:57:28 EST" name="Default test" finished-at="2022-02-27T19:57:40 EST" duration-ms="12287">
      <class name="phptravels.Login">
        <test-method is-config="true" signature="precondition()[pri:0, instance:phptravels.Login@1f0f1111]" started-at="2022-02-27T19:57:28 EST" name="precondition" finished-at="2022-02-27T19:57:32 EST" duration-ms="3707" status="PASS">
          <reporter-output>
          </reporter-output>
        </test-method> <!-- precondition -->
        <test-method signature="openurl()[pri:1, instance:phptravels.Login@1f0f1111]" started-at="2022-02-27T19:57:32 EST" name="openurl" finished-at="2022-02-27T19:57:34 EST" duration-ms="2412" status="PASS">
          <reporter-output>
          </reporter-output>
        </test-method> <!-- openurl -->
        <test-method signature="EnterCredentials()[pri:2, instance:phptravels.Login@1f0f1111]" started-at="2022-02-27T19:57:34 EST" name="EnterCredentials" finished-at="2022-02-27T19:57:40 EST" depends-on-methods="phptravels.Login.openurl" duration-ms="6128" status="PASS">
          <reporter-output>
          </reporter-output>
        </test-method> <!-- EnterCredentials -->
        <test-method is-config="true" signature="closebrowser()[pri:0, instance:phptravels.Login@1f0f1111]" started-at="2022-02-27T19:57:40 EST" name="closebrowser" finished-at="2022-02-27T19:57:40 EST" duration-ms="1" status="PASS">
          <reporter-output>
          </reporter-output>
        </test-method> <!-- closebrowser -->
      </class> <!-- phptravels.Login -->
    </test> <!-- Default test -->
  </suite> <!-- Default suite -->
</testng-results>
